CRITICAL - 2024-08-09 01:53:15 --> ParseError: syntax error, unexpected variable "$routes"
[Method: GET, Route: gallery]
in APPPATH\Config\Routes.php on line 26.
 1 SYSTEMPATH\CodeIgniter.php(823): CodeIgniter\Router\RouteCollection->loadRoutes()
 2 SYSTEMPATH\CodeIgniter.php(457): CodeIgniter\CodeIgniter->tryToRouteIt(null)
 3 SYSTEMPATH\CodeIgniter.php(355): CodeIgniter\CodeIgniter->handleRequest(null, Object(Config\Cache), false)
 4 SYSTEMPATH\Boot.php(325): CodeIgniter\CodeIgniter->run()
 5 SYSTEMPATH\Boot.php(67): CodeIgniter\Boot::runCodeIgniter(Object(CodeIgniter\CodeIgniter))
 6 FCPATH\index.php(56): CodeIgniter\Boot::bootWeb(Object(Config\Paths))
CRITICAL - 2024-08-09 01:53:28 --> ParseError: syntax error, unexpected variable "$routes"
[Method: GET, Route: /]
in APPPATH\Config\Routes.php on line 26.
 1 SYSTEMPATH\CodeIgniter.php(823): CodeIgniter\Router\RouteCollection->loadRoutes()
 2 SYSTEMPATH\CodeIgniter.php(457): CodeIgniter\CodeIgniter->tryToRouteIt(null)
 3 SYSTEMPATH\CodeIgniter.php(355): CodeIgniter\CodeIgniter->handleRequest(null, Object(Config\Cache), false)
 4 SYSTEMPATH\Boot.php(325): CodeIgniter\CodeIgniter->run()
 5 SYSTEMPATH\Boot.php(67): CodeIgniter\Boot::runCodeIgniter(Object(CodeIgniter\CodeIgniter))
 6 FCPATH\index.php(56): CodeIgniter\Boot::bootWeb(Object(Config\Paths))
CRITICAL - 2024-08-09 01:53:28 --> ParseError: syntax error, unexpected variable "$routes"
[Method: GET, Route: /]
in APPPATH\Config\Routes.php on line 26.
 1 SYSTEMPATH\CodeIgniter.php(823): CodeIgniter\Router\RouteCollection->loadRoutes()
 2 SYSTEMPATH\CodeIgniter.php(457): CodeIgniter\CodeIgniter->tryToRouteIt(null)
 3 SYSTEMPATH\CodeIgniter.php(355): CodeIgniter\CodeIgniter->handleRequest(null, Object(Config\Cache), false)
 4 SYSTEMPATH\Boot.php(325): CodeIgniter\CodeIgniter->run()
 5 SYSTEMPATH\Boot.php(67): CodeIgniter\Boot::runCodeIgniter(Object(CodeIgniter\CodeIgniter))
 6 FCPATH\index.php(56): CodeIgniter\Boot::bootWeb(Object(Config\Paths))
CRITICAL - 2024-08-09 01:53:28 --> ParseError: syntax error, unexpected variable "$routes"
[Method: GET, Route: /]
in APPPATH\Config\Routes.php on line 26.
 1 SYSTEMPATH\CodeIgniter.php(823): CodeIgniter\Router\RouteCollection->loadRoutes()
 2 SYSTEMPATH\CodeIgniter.php(457): CodeIgniter\CodeIgniter->tryToRouteIt(null)
 3 SYSTEMPATH\CodeIgniter.php(355): CodeIgniter\CodeIgniter->handleRequest(null, Object(Config\Cache), false)
 4 SYSTEMPATH\Boot.php(325): CodeIgniter\CodeIgniter->run()
 5 SYSTEMPATH\Boot.php(67): CodeIgniter\Boot::runCodeIgniter(Object(CodeIgniter\CodeIgniter))
 6 FCPATH\index.php(56): CodeIgniter\Boot::bootWeb(Object(Config\Paths))
DEBUG - 2024-08-09 01:53:52 --> Attempting to track visit for URI: /bpodtproject/ from IP: ::1
DEBUG - 2024-08-09 01:53:52 --> Visit not counted - admin page detected for URI: /bpodtproject/
DEBUG - 2024-08-09 01:54:00 --> Attempting to track visit for URI: /bpodtproject/login from IP: ::1
DEBUG - 2024-08-09 01:54:00 --> Visit not counted - admin page detected for URI: /bpodtproject/login
INFO - 2024-08-09 01:54:00 --> Session: Class initialized using 'CodeIgniter\Session\Handlers\FileHandler' driver.
DEBUG - 2024-08-09 01:54:03 --> Attempting to track visit for URI: /bpodtproject/validate_login from IP: ::1
DEBUG - 2024-08-09 01:54:03 --> Visit processed for URI: /bpodtproject/validate_login from IP: ::1
INFO - 2024-08-09 01:54:03 --> Session: Class initialized using 'CodeIgniter\Session\Handlers\FileHandler' driver.
DEBUG - 2024-08-09 01:54:03 --> Attempting to track visit for URI: /bpodtproject/dashboard from IP: ::1
DEBUG - 2024-08-09 01:54:03 --> Visit not counted - admin page detected for URI: /bpodtproject/dashboard
INFO - 2024-08-09 01:54:03 --> Session: Class initialized using 'CodeIgniter\Session\Handlers\FileHandler' driver.
DEBUG - 2024-08-09 01:54:05 --> Attempting to track visit for URI: /bpodtproject/tampil_data from IP: ::1
DEBUG - 2024-08-09 01:54:05 --> Visit not counted - admin page detected for URI: /bpodtproject/tampil_data
INFO - 2024-08-09 01:54:05 --> Session: Class initialized using 'CodeIgniter\Session\Handlers\FileHandler' driver.
DEBUG - 2024-08-09 01:54:14 --> Attempting to track visit for URI: /bpodtproject/tampil_data from IP: ::1
DEBUG - 2024-08-09 01:54:14 --> Visit not counted - admin page detected for URI: /bpodtproject/tampil_data
INFO - 2024-08-09 01:54:14 --> Session: Class initialized using 'CodeIgniter\Session\Handlers\FileHandler' driver.
DEBUG - 2024-08-09 01:56:30 --> Attempting to track visit for URI: /bpodtproject/dashboard from IP: ::1
DEBUG - 2024-08-09 01:56:30 --> Visit not counted - admin page detected for URI: /bpodtproject/dashboard
INFO - 2024-08-09 01:56:30 --> Session: Class initialized using 'CodeIgniter\Session\Handlers\FileHandler' driver.
DEBUG - 2024-08-09 01:56:33 --> Attempting to track visit for URI: /bpodtproject/form_data from IP: ::1
DEBUG - 2024-08-09 01:56:33 --> Visit not counted - admin page detected for URI: /bpodtproject/form_data
INFO - 2024-08-09 01:56:33 --> Session: Class initialized using 'CodeIgniter\Session\Handlers\FileHandler' driver.
DEBUG - 2024-08-09 01:56:35 --> Attempting to track visit for URI: /bpodtproject/tampil_data from IP: ::1
DEBUG - 2024-08-09 01:56:35 --> Visit not counted - admin page detected for URI: /bpodtproject/tampil_data
INFO - 2024-08-09 01:56:35 --> Session: Class initialized using 'CodeIgniter\Session\Handlers\FileHandler' driver.
INFO - 2024-08-09 03:05:11 --> Session: Class initialized using 'CodeIgniter\Session\Handlers\FileHandler' driver.
INFO - 2024-08-09 03:05:17 --> Session: Class initialized using 'CodeIgniter\Session\Handlers\FileHandler' driver.
INFO - 2024-08-09 03:12:58 --> Session: Class initialized using 'CodeIgniter\Session\Handlers\FileHandler' driver.
INFO - 2024-08-09 03:13:03 --> Session: Class initialized using 'CodeIgniter\Session\Handlers\FileHandler' driver.
DEBUG - 2024-08-09 03:26:52 --> Attempting to track visit for URI: /bpodtproject/logout from IP: ::1
DEBUG - 2024-08-09 03:26:52 --> Visit not counted - admin page detected for URI: /bpodtproject/logout
INFO - 2024-08-09 03:26:52 --> Session: Class initialized using 'CodeIgniter\Session\Handlers\FileHandler' driver.
DEBUG - 2024-08-09 03:26:52 --> Attempting to track visit for URI: /bpodtproject/ from IP: ::1
DEBUG - 2024-08-09 03:26:52 --> Visit not counted - admin page detected for URI: /bpodtproject/
DEBUG - 2024-08-09 03:26:55 --> Attempting to track visit for URI: /bpodtproject/detail/test from IP: ::1
DEBUG - 2024-08-09 03:26:55 --> Visit not counted - admin page detected for URI: /bpodtproject/detail/test
DEBUG - 2024-08-09 03:27:03 --> Attempting to track visit for URI: /bpodtproject/ from IP: ::1
DEBUG - 2024-08-09 03:27:03 --> Visit not counted - admin page detected for URI: /bpodtproject/
DEBUG - 2024-08-09 03:27:04 --> Attempting to track visit for URI: /bpodtproject/login from IP: ::1
DEBUG - 2024-08-09 03:27:04 --> Visit not counted - admin page detected for URI: /bpodtproject/login
INFO - 2024-08-09 03:27:04 --> Session: Class initialized using 'CodeIgniter\Session\Handlers\FileHandler' driver.
DEBUG - 2024-08-09 03:27:09 --> Attempting to track visit for URI: /bpodtproject/validate_login from IP: ::1
DEBUG - 2024-08-09 03:27:09 --> Visit processed for URI: /bpodtproject/validate_login from IP: ::1
INFO - 2024-08-09 03:27:09 --> Session: Class initialized using 'CodeIgniter\Session\Handlers\FileHandler' driver.
DEBUG - 2024-08-09 03:27:09 --> Attempting to track visit for URI: /bpodtproject/dashboard from IP: ::1
DEBUG - 2024-08-09 03:27:09 --> Visit not counted - admin page detected for URI: /bpodtproject/dashboard
INFO - 2024-08-09 03:27:09 --> Session: Class initialized using 'CodeIgniter\Session\Handlers\FileHandler' driver.
INFO - 2024-08-09 03:29:16 --> Session: Class initialized using 'CodeIgniter\Session\Handlers\FileHandler' driver.
DEBUG - 2024-08-09 03:33:33 --> Attempting to track visit for URI: /bpodtproject/form_data from IP: ::1
DEBUG - 2024-08-09 03:33:33 --> Visit not counted - admin page detected for URI: /bpodtproject/form_data
INFO - 2024-08-09 03:33:33 --> Session: Class initialized using 'CodeIgniter\Session\Handlers\FileHandler' driver.
CRITICAL - 2024-08-09 03:49:58 --> CodeIgniter\Database\Exceptions\DataException: There is no data to update.
[Method: PUT, Route: gallery/update/6]
in SYSTEMPATH\BaseModel.php on line 1011.
 1 SYSTEMPATH\BaseModel.php(1011): CodeIgniter\Database\Exceptions\DataException::forEmptyDataset('update')
 2 SYSTEMPATH\Model.php(865): CodeIgniter\BaseModel->update([...], [])
 3 APPPATH\Controllers\GalleryController.php(62): CodeIgniter\Model->update('6', [...])
 4 SYSTEMPATH\CodeIgniter.php(933): App\Controllers\GalleryController->update('6')
 5 SYSTEMPATH\CodeIgniter.php(509): CodeIgniter\CodeIgniter->runController(Object(App\Controllers\GalleryController))
 6 SYSTEMPATH\CodeIgniter.php(355): CodeIgniter\CodeIgniter->handleRequest(null, Object(Config\Cache), false)
 7 SYSTEMPATH\Boot.php(325): CodeIgniter\CodeIgniter->run()
 8 SYSTEMPATH\Boot.php(67): CodeIgniter\Boot::runCodeIgniter(Object(CodeIgniter\CodeIgniter))
 9 FCPATH\index.php(56): CodeIgniter\Boot::bootWeb(Object(Config\Paths))
CRITICAL - 2024-08-09 03:50:26 --> CodeIgniter\Database\Exceptions\DataException: There is no data to update.
[Method: PUT, Route: gallery/update/7]
in SYSTEMPATH\BaseModel.php on line 1011.
 1 SYSTEMPATH\BaseModel.php(1011): CodeIgniter\Database\Exceptions\DataException::forEmptyDataset('update')
 2 SYSTEMPATH\Model.php(865): CodeIgniter\BaseModel->update([...], [])
 3 APPPATH\Controllers\GalleryController.php(62): CodeIgniter\Model->update('7', [...])
 4 SYSTEMPATH\CodeIgniter.php(933): App\Controllers\GalleryController->update('7')
 5 SYSTEMPATH\CodeIgniter.php(509): CodeIgniter\CodeIgniter->runController(Object(App\Controllers\GalleryController))
 6 SYSTEMPATH\CodeIgniter.php(355): CodeIgniter\CodeIgniter->handleRequest(null, Object(Config\Cache), false)
 7 SYSTEMPATH\Boot.php(325): CodeIgniter\CodeIgniter->run()
 8 SYSTEMPATH\Boot.php(67): CodeIgniter\Boot::runCodeIgniter(Object(CodeIgniter\CodeIgniter))
 9 FCPATH\index.php(56): CodeIgniter\Boot::bootWeb(Object(Config\Paths))
CRITICAL - 2024-08-09 03:50:47 --> CodeIgniter\Database\Exceptions\DataException: There is no data to update.
[Method: PUT, Route: gallery/update/7]
in SYSTEMPATH\BaseModel.php on line 1011.
 1 SYSTEMPATH\BaseModel.php(1011): CodeIgniter\Database\Exceptions\DataException::forEmptyDataset('update')
 2 SYSTEMPATH\Model.php(865): CodeIgniter\BaseModel->update([...], [])
 3 APPPATH\Controllers\GalleryController.php(62): CodeIgniter\Model->update('7', [...])
 4 SYSTEMPATH\CodeIgniter.php(933): App\Controllers\GalleryController->update('7')
 5 SYSTEMPATH\CodeIgniter.php(509): CodeIgniter\CodeIgniter->runController(Object(App\Controllers\GalleryController))
 6 SYSTEMPATH\CodeIgniter.php(355): CodeIgniter\CodeIgniter->handleRequest(null, Object(Config\Cache), false)
 7 SYSTEMPATH\Boot.php(325): CodeIgniter\CodeIgniter->run()
 8 SYSTEMPATH\Boot.php(67): CodeIgniter\Boot::runCodeIgniter(Object(CodeIgniter\CodeIgniter))
 9 FCPATH\index.php(56): CodeIgniter\Boot::bootWeb(Object(Config\Paths))
DEBUG - 2024-08-09 04:04:08 --> Attempting to track visit for URI: /bpodtproject/tampil_data from IP: ::1
DEBUG - 2024-08-09 04:04:08 --> Visit not counted - admin page detected for URI: /bpodtproject/tampil_data
INFO - 2024-08-09 04:04:08 --> Session: Class initialized using 'CodeIgniter\Session\Handlers\FileHandler' driver.
DEBUG - 2024-08-09 04:04:10 --> Attempting to track visit for URI: /bpodtproject/wisata/edit/1 from IP: ::1
DEBUG - 2024-08-09 04:04:10 --> Visit processed for URI: /bpodtproject/wisata/edit/1 from IP: ::1
DEBUG - 2024-08-09 04:04:17 --> Attempting to track visit for URI: /bpodtproject/wisata/update/1 from IP: ::1
DEBUG - 2024-08-09 04:04:17 --> Visit processed for URI: /bpodtproject/wisata/update/1 from IP: ::1
DEBUG - 2024-08-09 04:04:18 --> Attempting to track visit for URI: /bpodtproject/tampil_data from IP: ::1
DEBUG - 2024-08-09 04:04:18 --> Visit not counted - admin page detected for URI: /bpodtproject/tampil_data
INFO - 2024-08-09 04:04:18 --> Session: Class initialized using 'CodeIgniter\Session\Handlers\FileHandler' driver.
DEBUG - 2024-08-09 04:50:37 --> Attempting to track visit for URI: /bpodtproject/tampil_data from IP: ::1
DEBUG - 2024-08-09 04:50:37 --> Visit not counted - admin page detected for URI: /bpodtproject/tampil_data
INFO - 2024-08-09 04:50:37 --> Session: Class initialized using 'CodeIgniter\Session\Handlers\FileHandler' driver.
