INFO - 2024-08-01 01:28:28 --> Session: Class initialized using 'CodeIgniter\Session\Handlers\FileHandler' driver.
INFO - 2024-08-01 01:28:30 --> Session: Class initialized using 'CodeIgniter\Session\Handlers\FileHandler' driver.
INFO - 2024-08-01 01:28:30 --> Session: Class initialized using 'CodeIgniter\Session\Handlers\FileHandler' driver.
INFO - 2024-08-01 01:28:33 --> Session: Class initialized using 'CodeIgniter\Session\Handlers\FileHandler' driver.
INFO - 2024-08-01 01:28:34 --> Session: Class initialized using 'CodeIgniter\Session\Handlers\FileHandler' driver.
INFO - 2024-08-01 01:28:35 --> Session: Class initialized using 'CodeIgniter\Session\Handlers\FileHandler' driver.
INFO - 2024-08-01 01:28:40 --> Session: Class initialized using 'CodeIgniter\Session\Handlers\FileHandler' driver.
INFO - 2024-08-01 01:28:46 --> Session: Class initialized using 'CodeIgniter\Session\Handlers\FileHandler' driver.
INFO - 2024-08-01 01:28:47 --> Session: Class initialized using 'CodeIgniter\Session\Handlers\FileHandler' driver.
INFO - 2024-08-01 01:28:47 --> Session: Class initialized using 'CodeIgniter\Session\Handlers\FileHandler' driver.
INFO - 2024-08-01 01:31:15 --> Session: Class initialized using 'CodeIgniter\Session\Handlers\FileHandler' driver.
INFO - 2024-08-01 01:31:15 --> Session: Class initialized using 'CodeIgniter\Session\Handlers\FileHandler' driver.
INFO - 2024-08-01 01:31:17 --> Session: Class initialized using 'CodeIgniter\Session\Handlers\FileHandler' driver.
INFO - 2024-08-01 01:31:20 --> Session: Class initialized using 'CodeIgniter\Session\Handlers\FileHandler' driver.
INFO - 2024-08-01 01:31:20 --> Session: Class initialized using 'CodeIgniter\Session\Handlers\FileHandler' driver.
INFO - 2024-08-01 01:31:21 --> Session: Class initialized using 'CodeIgniter\Session\Handlers\FileHandler' driver.
INFO - 2024-08-01 01:31:22 --> Session: Class initialized using 'CodeIgniter\Session\Handlers\FileHandler' driver.
INFO - 2024-08-01 01:31:27 --> Session: Class initialized using 'CodeIgniter\Session\Handlers\FileHandler' driver.
INFO - 2024-08-01 01:32:05 --> Session: Class initialized using 'CodeIgniter\Session\Handlers\FileHandler' driver.
INFO - 2024-08-01 01:32:48 --> Session: Class initialized using 'CodeIgniter\Session\Handlers\FileHandler' driver.
INFO - 2024-08-01 01:32:49 --> Session: Class initialized using 'CodeIgniter\Session\Handlers\FileHandler' driver.
INFO - 2024-08-01 01:32:49 --> Session: Class initialized using 'CodeIgniter\Session\Handlers\FileHandler' driver.
INFO - 2024-08-01 01:32:51 --> Session: Class initialized using 'CodeIgniter\Session\Handlers\FileHandler' driver.
INFO - 2024-08-01 01:32:52 --> Session: Class initialized using 'CodeIgniter\Session\Handlers\FileHandler' driver.
INFO - 2024-08-01 01:32:52 --> Session: Class initialized using 'CodeIgniter\Session\Handlers\FileHandler' driver.
INFO - 2024-08-01 01:32:53 --> Session: Class initialized using 'CodeIgniter\Session\Handlers\FileHandler' driver.
INFO - 2024-08-01 01:32:59 --> Session: Class initialized using 'CodeIgniter\Session\Handlers\FileHandler' driver.
INFO - 2024-08-01 01:33:00 --> Session: Class initialized using 'CodeIgniter\Session\Handlers\FileHandler' driver.
INFO - 2024-08-01 01:33:00 --> Session: Class initialized using 'CodeIgniter\Session\Handlers\FileHandler' driver.
INFO - 2024-08-01 01:33:11 --> Session: Class initialized using 'CodeIgniter\Session\Handlers\FileHandler' driver.
INFO - 2024-08-01 01:33:13 --> Session: Class initialized using 'CodeIgniter\Session\Handlers\FileHandler' driver.
INFO - 2024-08-01 01:33:14 --> Session: Class initialized using 'CodeIgniter\Session\Handlers\FileHandler' driver.
INFO - 2024-08-01 01:33:14 --> Session: Class initialized using 'CodeIgniter\Session\Handlers\FileHandler' driver.
INFO - 2024-08-01 01:33:25 --> Session: Class initialized using 'CodeIgniter\Session\Handlers\FileHandler' driver.
INFO - 2024-08-01 01:33:27 --> Session: Class initialized using 'CodeIgniter\Session\Handlers\FileHandler' driver.
INFO - 2024-08-01 01:33:29 --> Session: Class initialized using 'CodeIgniter\Session\Handlers\FileHandler' driver.
INFO - 2024-08-01 01:33:29 --> Session: Class initialized using 'CodeIgniter\Session\Handlers\FileHandler' driver.
INFO - 2024-08-01 01:33:34 --> Session: Class initialized using 'CodeIgniter\Session\Handlers\FileHandler' driver.
INFO - 2024-08-01 01:33:35 --> Session: Class initialized using 'CodeIgniter\Session\Handlers\FileHandler' driver.
INFO - 2024-08-01 01:33:36 --> Session: Class initialized using 'CodeIgniter\Session\Handlers\FileHandler' driver.
INFO - 2024-08-01 01:33:36 --> Session: Class initialized using 'CodeIgniter\Session\Handlers\FileHandler' driver.
INFO - 2024-08-01 01:33:37 --> Session: Class initialized using 'CodeIgniter\Session\Handlers\FileHandler' driver.
INFO - 2024-08-01 01:34:09 --> Session: Class initialized using 'CodeIgniter\Session\Handlers\FileHandler' driver.
INFO - 2024-08-01 01:34:09 --> Session: Class initialized using 'CodeIgniter\Session\Handlers\FileHandler' driver.
INFO - 2024-08-01 01:34:14 --> Session: Class initialized using 'CodeIgniter\Session\Handlers\FileHandler' driver.
INFO - 2024-08-01 01:34:26 --> Session: Class initialized using 'CodeIgniter\Session\Handlers\FileHandler' driver.
INFO - 2024-08-01 01:34:37 --> Session: Class initialized using 'CodeIgniter\Session\Handlers\FileHandler' driver.
INFO - 2024-08-01 01:34:48 --> Session: Class initialized using 'CodeIgniter\Session\Handlers\FileHandler' driver.
INFO - 2024-08-01 01:35:41 --> Session: Class initialized using 'CodeIgniter\Session\Handlers\FileHandler' driver.
INFO - 2024-08-01 01:35:47 --> Session: Class initialized using 'CodeIgniter\Session\Handlers\FileHandler' driver.
INFO - 2024-08-01 01:35:52 --> Session: Class initialized using 'CodeIgniter\Session\Handlers\FileHandler' driver.
INFO - 2024-08-01 01:35:56 --> Session: Class initialized using 'CodeIgniter\Session\Handlers\FileHandler' driver.
INFO - 2024-08-01 01:36:09 --> Session: Class initialized using 'CodeIgniter\Session\Handlers\FileHandler' driver.
INFO - 2024-08-01 01:36:10 --> Session: Class initialized using 'CodeIgniter\Session\Handlers\FileHandler' driver.
INFO - 2024-08-01 01:36:14 --> Session: Class initialized using 'CodeIgniter\Session\Handlers\FileHandler' driver.
INFO - 2024-08-01 01:36:16 --> Session: Class initialized using 'CodeIgniter\Session\Handlers\FileHandler' driver.
INFO - 2024-08-01 01:36:20 --> Session: Class initialized using 'CodeIgniter\Session\Handlers\FileHandler' driver.
INFO - 2024-08-01 01:36:30 --> Session: Class initialized using 'CodeIgniter\Session\Handlers\FileHandler' driver.
INFO - 2024-08-01 01:46:41 --> Session: Class initialized using 'CodeIgniter\Session\Handlers\FileHandler' driver.
CRITICAL - 2024-08-01 01:46:44 --> CodeIgniter\HTTP\Exceptions\HTTPException: Request URI segment is out of range: "2"
[Method: GET, Route: /]
in SYSTEMPATH\HTTP\URI.php on line 565.
 1 SYSTEMPATH\HTTP\URI.php(565): CodeIgniter\HTTP\Exceptions\HTTPException::forURISegmentOutOfRange(2)
 2 APPPATH\Controllers\BaseController.php(75): CodeIgniter\HTTP\URI->getSegment(2)
 3 APPPATH\Controllers\BaseController.php(66): App\Controllers\BaseController->isAdminPage(Object(CodeIgniter\HTTP\SiteURI))
 4 APPPATH\Controllers\BaseController.php(57): App\Controllers\BaseController->trackVisit()
 5 SYSTEMPATH\CodeIgniter.php(904): App\Controllers\BaseController->initController(Object(CodeIgniter\HTTP\IncomingRequest), Object(CodeIgniter\HTTP\Response), Object(CodeIgniter\Log\Logger))
 6 SYSTEMPATH\CodeIgniter.php(500): CodeIgniter\CodeIgniter->createController()
 7 SYSTEMPATH\CodeIgniter.php(355): CodeIgniter\CodeIgniter->handleRequest(null, Object(Config\Cache), false)
 8 SYSTEMPATH\Boot.php(325): CodeIgniter\CodeIgniter->run()
 9 SYSTEMPATH\Boot.php(67): CodeIgniter\Boot::runCodeIgniter(Object(CodeIgniter\CodeIgniter))
10 FCPATH\index.php(56): CodeIgniter\Boot::bootWeb(Object(Config\Paths))
INFO - 2024-08-01 01:46:46 --> Session: Class initialized using 'CodeIgniter\Session\Handlers\FileHandler' driver.
INFO - 2024-08-01 01:46:47 --> Session: Class initialized using 'CodeIgniter\Session\Handlers\FileHandler' driver.
INFO - 2024-08-01 01:46:48 --> Session: Class initialized using 'CodeIgniter\Session\Handlers\FileHandler' driver.
INFO - 2024-08-01 01:48:02 --> Session: Class initialized using 'CodeIgniter\Session\Handlers\FileHandler' driver.
INFO - 2024-08-01 01:48:06 --> Session: Class initialized using 'CodeIgniter\Session\Handlers\FileHandler' driver.
INFO - 2024-08-01 01:48:12 --> Session: Class initialized using 'CodeIgniter\Session\Handlers\FileHandler' driver.
INFO - 2024-08-01 01:48:13 --> Session: Class initialized using 'CodeIgniter\Session\Handlers\FileHandler' driver.
INFO - 2024-08-01 01:48:16 --> Session: Class initialized using 'CodeIgniter\Session\Handlers\FileHandler' driver.
INFO - 2024-08-01 01:48:26 --> Session: Class initialized using 'CodeIgniter\Session\Handlers\FileHandler' driver.
INFO - 2024-08-01 01:48:27 --> Session: Class initialized using 'CodeIgniter\Session\Handlers\FileHandler' driver.
INFO - 2024-08-01 01:55:15 --> Session: Class initialized using 'CodeIgniter\Session\Handlers\FileHandler' driver.
INFO - 2024-08-01 01:55:16 --> Session: Class initialized using 'CodeIgniter\Session\Handlers\FileHandler' driver.
INFO - 2024-08-01 01:55:16 --> Session: Class initialized using 'CodeIgniter\Session\Handlers\FileHandler' driver.
INFO - 2024-08-01 01:55:17 --> Session: Class initialized using 'CodeIgniter\Session\Handlers\FileHandler' driver.
INFO - 2024-08-01 01:55:18 --> Session: Class initialized using 'CodeIgniter\Session\Handlers\FileHandler' driver.
INFO - 2024-08-01 01:55:18 --> Session: Class initialized using 'CodeIgniter\Session\Handlers\FileHandler' driver.
INFO - 2024-08-01 01:55:19 --> Session: Class initialized using 'CodeIgniter\Session\Handlers\FileHandler' driver.
INFO - 2024-08-01 01:55:19 --> Session: Class initialized using 'CodeIgniter\Session\Handlers\FileHandler' driver.
INFO - 2024-08-01 01:55:20 --> Session: Class initialized using 'CodeIgniter\Session\Handlers\FileHandler' driver.
INFO - 2024-08-01 02:26:16 --> Session: Class initialized using 'CodeIgniter\Session\Handlers\FileHandler' driver.
INFO - 2024-08-01 06:51:13 --> Session: Class initialized using 'CodeIgniter\Session\Handlers\FileHandler' driver.
INFO - 2024-08-01 06:51:13 --> Session: Class initialized using 'CodeIgniter\Session\Handlers\FileHandler' driver.
INFO - 2024-08-01 06:51:14 --> Session: Class initialized using 'CodeIgniter\Session\Handlers\FileHandler' driver.
INFO - 2024-08-01 06:51:15 --> Session: Class initialized using 'CodeIgniter\Session\Handlers\FileHandler' driver.
INFO - 2024-08-01 06:51:18 --> Session: Class initialized using 'CodeIgniter\Session\Handlers\FileHandler' driver.
INFO - 2024-08-01 06:51:18 --> Session: Class initialized using 'CodeIgniter\Session\Handlers\FileHandler' driver.
INFO - 2024-08-01 06:51:19 --> Session: Class initialized using 'CodeIgniter\Session\Handlers\FileHandler' driver.
INFO - 2024-08-01 06:51:19 --> Session: Class initialized using 'CodeIgniter\Session\Handlers\FileHandler' driver.
INFO - 2024-08-01 06:51:20 --> Session: Class initialized using 'CodeIgniter\Session\Handlers\FileHandler' driver.
INFO - 2024-08-01 06:51:22 --> Session: Class initialized using 'CodeIgniter\Session\Handlers\FileHandler' driver.
INFO - 2024-08-01 06:51:24 --> Session: Class initialized using 'CodeIgniter\Session\Handlers\FileHandler' driver.
INFO - 2024-08-01 06:51:24 --> Session: Class initialized using 'CodeIgniter\Session\Handlers\FileHandler' driver.
INFO - 2024-08-01 06:51:25 --> Session: Class initialized using 'CodeIgniter\Session\Handlers\FileHandler' driver.
INFO - 2024-08-01 06:52:15 --> Session: Class initialized using 'CodeIgniter\Session\Handlers\FileHandler' driver.
INFO - 2024-08-01 06:52:17 --> Session: Class initialized using 'CodeIgniter\Session\Handlers\FileHandler' driver.
INFO - 2024-08-01 06:52:18 --> Session: Class initialized using 'CodeIgniter\Session\Handlers\FileHandler' driver.
INFO - 2024-08-01 06:52:18 --> Session: Class initialized using 'CodeIgniter\Session\Handlers\FileHandler' driver.
INFO - 2024-08-01 06:52:28 --> Session: Class initialized using 'CodeIgniter\Session\Handlers\FileHandler' driver.
INFO - 2024-08-01 06:52:28 --> Session: Class initialized using 'CodeIgniter\Session\Handlers\FileHandler' driver.
INFO - 2024-08-01 06:52:29 --> Session: Class initialized using 'CodeIgniter\Session\Handlers\FileHandler' driver.
INFO - 2024-08-01 06:52:30 --> Session: Class initialized using 'CodeIgniter\Session\Handlers\FileHandler' driver.
INFO - 2024-08-01 06:52:41 --> Session: Class initialized using 'CodeIgniter\Session\Handlers\FileHandler' driver.
INFO - 2024-08-01 06:52:49 --> Session: Class initialized using 'CodeIgniter\Session\Handlers\FileHandler' driver.
INFO - 2024-08-01 06:52:51 --> Session: Class initialized using 'CodeIgniter\Session\Handlers\FileHandler' driver.
INFO - 2024-08-01 06:53:25 --> Session: Class initialized using 'CodeIgniter\Session\Handlers\FileHandler' driver.
INFO - 2024-08-01 06:53:26 --> Session: Class initialized using 'CodeIgniter\Session\Handlers\FileHandler' driver.
INFO - 2024-08-01 06:54:09 --> Session: Class initialized using 'CodeIgniter\Session\Handlers\FileHandler' driver.
INFO - 2024-08-01 06:54:10 --> Session: Class initialized using 'CodeIgniter\Session\Handlers\FileHandler' driver.
INFO - 2024-08-01 06:54:17 --> Session: Class initialized using 'CodeIgniter\Session\Handlers\FileHandler' driver.
INFO - 2024-08-01 06:54:17 --> Session: Class initialized using 'CodeIgniter\Session\Handlers\FileHandler' driver.
INFO - 2024-08-01 06:54:22 --> Session: Class initialized using 'CodeIgniter\Session\Handlers\FileHandler' driver.
INFO - 2024-08-01 06:54:31 --> Session: Class initialized using 'CodeIgniter\Session\Handlers\FileHandler' driver.
INFO - 2024-08-01 06:54:33 --> Session: Class initialized using 'CodeIgniter\Session\Handlers\FileHandler' driver.
INFO - 2024-08-01 06:55:59 --> Session: Class initialized using 'CodeIgniter\Session\Handlers\FileHandler' driver.
INFO - 2024-08-01 06:56:01 --> Session: Class initialized using 'CodeIgniter\Session\Handlers\FileHandler' driver.
INFO - 2024-08-01 06:56:02 --> Session: Class initialized using 'CodeIgniter\Session\Handlers\FileHandler' driver.
INFO - 2024-08-01 06:56:02 --> Session: Class initialized using 'CodeIgniter\Session\Handlers\FileHandler' driver.
INFO - 2024-08-01 07:00:47 --> Session: Class initialized using 'CodeIgniter\Session\Handlers\FileHandler' driver.
INFO - 2024-08-01 07:00:48 --> Session: Class initialized using 'CodeIgniter\Session\Handlers\FileHandler' driver.
INFO - 2024-08-01 07:00:49 --> Session: Class initialized using 'CodeIgniter\Session\Handlers\FileHandler' driver.
INFO - 2024-08-01 07:00:50 --> Session: Class initialized using 'CodeIgniter\Session\Handlers\FileHandler' driver.
INFO - 2024-08-01 07:00:51 --> Session: Class initialized using 'CodeIgniter\Session\Handlers\FileHandler' driver.
INFO - 2024-08-01 07:00:51 --> Session: Class initialized using 'CodeIgniter\Session\Handlers\FileHandler' driver.
INFO - 2024-08-01 07:00:55 --> Session: Class initialized using 'CodeIgniter\Session\Handlers\FileHandler' driver.
INFO - 2024-08-01 07:00:56 --> Session: Class initialized using 'CodeIgniter\Session\Handlers\FileHandler' driver.
INFO - 2024-08-01 07:00:57 --> Session: Class initialized using 'CodeIgniter\Session\Handlers\FileHandler' driver.
INFO - 2024-08-01 07:00:57 --> Session: Class initialized using 'CodeIgniter\Session\Handlers\FileHandler' driver.
INFO - 2024-08-01 07:00:58 --> Session: Class initialized using 'CodeIgniter\Session\Handlers\FileHandler' driver.
INFO - 2024-08-01 07:01:25 --> Session: Class initialized using 'CodeIgniter\Session\Handlers\FileHandler' driver.
INFO - 2024-08-01 07:03:58 --> Session: Class initialized using 'CodeIgniter\Session\Handlers\FileHandler' driver.
INFO - 2024-08-01 07:03:59 --> Session: Class initialized using 'CodeIgniter\Session\Handlers\FileHandler' driver.
INFO - 2024-08-01 07:04:09 --> Session: Class initialized using 'CodeIgniter\Session\Handlers\FileHandler' driver.
INFO - 2024-08-01 07:04:09 --> Session: Class initialized using 'CodeIgniter\Session\Handlers\FileHandler' driver.
INFO - 2024-08-01 07:04:10 --> Session: Class initialized using 'CodeIgniter\Session\Handlers\FileHandler' driver.
INFO - 2024-08-01 07:04:11 --> Session: Class initialized using 'CodeIgniter\Session\Handlers\FileHandler' driver.
INFO - 2024-08-01 07:04:11 --> Session: Class initialized using 'CodeIgniter\Session\Handlers\FileHandler' driver.
INFO - 2024-08-01 07:04:12 --> Session: Class initialized using 'CodeIgniter\Session\Handlers\FileHandler' driver.
INFO - 2024-08-01 07:04:13 --> Session: Class initialized using 'CodeIgniter\Session\Handlers\FileHandler' driver.
INFO - 2024-08-01 07:04:14 --> Session: Class initialized using 'CodeIgniter\Session\Handlers\FileHandler' driver.
INFO - 2024-08-01 07:04:15 --> Session: Class initialized using 'CodeIgniter\Session\Handlers\FileHandler' driver.
INFO - 2024-08-01 07:04:23 --> Session: Class initialized using 'CodeIgniter\Session\Handlers\FileHandler' driver.
INFO - 2024-08-01 07:04:23 --> Session: Class initialized using 'CodeIgniter\Session\Handlers\FileHandler' driver.
INFO - 2024-08-01 07:04:25 --> Session: Class initialized using 'CodeIgniter\Session\Handlers\FileHandler' driver.
INFO - 2024-08-01 07:04:26 --> Session: Class initialized using 'CodeIgniter\Session\Handlers\FileHandler' driver.
INFO - 2024-08-01 07:04:26 --> Session: Class initialized using 'CodeIgniter\Session\Handlers\FileHandler' driver.
INFO - 2024-08-01 07:08:20 --> Session: Class initialized using 'CodeIgniter\Session\Handlers\FileHandler' driver.
INFO - 2024-08-01 07:08:22 --> Session: Class initialized using 'CodeIgniter\Session\Handlers\FileHandler' driver.
INFO - 2024-08-01 07:08:22 --> Session: Class initialized using 'CodeIgniter\Session\Handlers\FileHandler' driver.
INFO - 2024-08-01 07:08:23 --> Session: Class initialized using 'CodeIgniter\Session\Handlers\FileHandler' driver.
INFO - 2024-08-01 07:08:23 --> Session: Class initialized using 'CodeIgniter\Session\Handlers\FileHandler' driver.
INFO - 2024-08-01 07:09:27 --> Session: Class initialized using 'CodeIgniter\Session\Handlers\FileHandler' driver.
INFO - 2024-08-01 07:09:27 --> Session: Class initialized using 'CodeIgniter\Session\Handlers\FileHandler' driver.
INFO - 2024-08-01 07:09:28 --> Session: Class initialized using 'CodeIgniter\Session\Handlers\FileHandler' driver.
INFO - 2024-08-01 07:09:28 --> Session: Class initialized using 'CodeIgniter\Session\Handlers\FileHandler' driver.
CRITICAL - 2024-08-01 07:09:28 --> CodeIgniter\HTTP\Exceptions\HTTPException: Request URI segment is out of range: "2"
[Method: GET, Route: /]
in SYSTEMPATH\HTTP\URI.php on line 565.
 1 SYSTEMPATH\HTTP\URI.php(565): CodeIgniter\HTTP\Exceptions\HTTPException::forURISegmentOutOfRange(2)
 2 APPPATH\Controllers\BaseController.php(81): CodeIgniter\HTTP\URI->getSegment(2)
 3 APPPATH\Controllers\BaseController.php(65): App\Controllers\BaseController->isAdminPage(Object(CodeIgniter\HTTP\SiteURI))
 4 APPPATH\Controllers\BaseController.php(57): App\Controllers\BaseController->trackVisit()
 5 SYSTEMPATH\CodeIgniter.php(904): App\Controllers\BaseController->initController(Object(CodeIgniter\HTTP\IncomingRequest), Object(CodeIgniter\HTTP\Response), Object(CodeIgniter\Log\Logger))
 6 SYSTEMPATH\CodeIgniter.php(500): CodeIgniter\CodeIgniter->createController()
 7 SYSTEMPATH\CodeIgniter.php(355): CodeIgniter\CodeIgniter->handleRequest(null, Object(Config\Cache), false)
 8 SYSTEMPATH\Boot.php(325): CodeIgniter\CodeIgniter->run()
 9 SYSTEMPATH\Boot.php(67): CodeIgniter\Boot::runCodeIgniter(Object(CodeIgniter\CodeIgniter))
10 FCPATH\index.php(56): CodeIgniter\Boot::bootWeb(Object(Config\Paths))
INFO - 2024-08-01 07:11:19 --> Session: Class initialized using 'CodeIgniter\Session\Handlers\FileHandler' driver.
INFO - 2024-08-01 07:11:22 --> Session: Class initialized using 'CodeIgniter\Session\Handlers\FileHandler' driver.
INFO - 2024-08-01 07:11:23 --> Session: Class initialized using 'CodeIgniter\Session\Handlers\FileHandler' driver.
INFO - 2024-08-01 07:11:23 --> Session: Class initialized using 'CodeIgniter\Session\Handlers\FileHandler' driver.
INFO - 2024-08-01 07:11:24 --> Session: Class initialized using 'CodeIgniter\Session\Handlers\FileHandler' driver.
INFO - 2024-08-01 07:11:25 --> Session: Class initialized using 'CodeIgniter\Session\Handlers\FileHandler' driver.
INFO - 2024-08-01 07:11:25 --> Session: Class initialized using 'CodeIgniter\Session\Handlers\FileHandler' driver.
INFO - 2024-08-01 07:11:26 --> Session: Class initialized using 'CodeIgniter\Session\Handlers\FileHandler' driver.
INFO - 2024-08-01 07:11:26 --> Session: Class initialized using 'CodeIgniter\Session\Handlers\FileHandler' driver.
INFO - 2024-08-01 07:14:15 --> Session: Class initialized using 'CodeIgniter\Session\Handlers\FileHandler' driver.
DEBUG - 2024-08-01 07:14:15 --> Attempting to track visit for URI: /bpodtproject/dashboard
DEBUG - 2024-08-01 07:14:15 --> Visit not counted - admin page detected for URI: /bpodtproject/dashboard
INFO - 2024-08-01 07:14:16 --> Session: Class initialized using 'CodeIgniter\Session\Handlers\FileHandler' driver.
DEBUG - 2024-08-01 07:14:16 --> Attempting to track visit for URI: /bpodtproject/logout
DEBUG - 2024-08-01 07:14:16 --> Visit not counted - admin page detected for URI: /bpodtproject/logout
INFO - 2024-08-01 07:14:16 --> Session: Class initialized using 'CodeIgniter\Session\Handlers\FileHandler' driver.
DEBUG - 2024-08-01 07:14:16 --> Attempting to track visit for URI: /bpodtproject/
DEBUG - 2024-08-01 07:14:16 --> Visit not counted - admin page detected for URI: /bpodtproject/
INFO - 2024-08-01 07:14:17 --> Session: Class initialized using 'CodeIgniter\Session\Handlers\FileHandler' driver.
DEBUG - 2024-08-01 07:14:17 --> Attempting to track visit for URI: /bpodtproject/login
DEBUG - 2024-08-01 07:14:17 --> Visit not counted - admin page detected for URI: /bpodtproject/login
INFO - 2024-08-01 07:14:18 --> Session: Class initialized using 'CodeIgniter\Session\Handlers\FileHandler' driver.
DEBUG - 2024-08-01 07:14:18 --> Attempting to track visit for URI: /bpodtproject/validate_login
DEBUG - 2024-08-01 07:14:18 --> Visit count incremented for URI: /bpodtproject/validate_login
INFO - 2024-08-01 07:14:18 --> Session: Class initialized using 'CodeIgniter\Session\Handlers\FileHandler' driver.
DEBUG - 2024-08-01 07:14:18 --> Attempting to track visit for URI: /bpodtproject/dashboard
DEBUG - 2024-08-01 07:14:18 --> Visit not counted - admin page detected for URI: /bpodtproject/dashboard
INFO - 2024-08-01 07:20:13 --> Session: Class initialized using 'CodeIgniter\Session\Handlers\FileHandler' driver.
DEBUG - 2024-08-01 07:20:13 --> Attempting to track visit for URI: /bpodtproject/logout
DEBUG - 2024-08-01 07:20:13 --> Visit not counted - admin page detected for URI: /bpodtproject/logout
INFO - 2024-08-01 07:20:13 --> Session: Class initialized using 'CodeIgniter\Session\Handlers\FileHandler' driver.
DEBUG - 2024-08-01 07:20:13 --> Attempting to track visit for URI: /bpodtproject/
DEBUG - 2024-08-01 07:20:13 --> Visit not counted - admin page detected for URI: /bpodtproject/
INFO - 2024-08-01 07:20:15 --> Session: Class initialized using 'CodeIgniter\Session\Handlers\FileHandler' driver.
DEBUG - 2024-08-01 07:20:15 --> Attempting to track visit for URI: /bpodtproject/login
DEBUG - 2024-08-01 07:20:15 --> Visit not counted - admin page detected for URI: /bpodtproject/login
INFO - 2024-08-01 07:20:16 --> Session: Class initialized using 'CodeIgniter\Session\Handlers\FileHandler' driver.
DEBUG - 2024-08-01 07:20:16 --> Attempting to track visit for URI: /bpodtproject/validate_login
DEBUG - 2024-08-01 07:20:16 --> Visit count incremented for URI: /bpodtproject/validate_login
INFO - 2024-08-01 07:20:16 --> Session: Class initialized using 'CodeIgniter\Session\Handlers\FileHandler' driver.
DEBUG - 2024-08-01 07:20:16 --> Attempting to track visit for URI: /bpodtproject/dashboard
DEBUG - 2024-08-01 07:20:16 --> Visit not counted - admin page detected for URI: /bpodtproject/dashboard
INFO - 2024-08-01 07:20:38 --> Session: Class initialized using 'CodeIgniter\Session\Handlers\FileHandler' driver.
DEBUG - 2024-08-01 07:20:38 --> Attempting to track visit for URI: /bpodtproject/
DEBUG - 2024-08-01 07:20:38 --> Visit not counted - admin page detected for URI: /bpodtproject/
INFO - 2024-08-01 07:20:39 --> Session: Class initialized using 'CodeIgniter\Session\Handlers\FileHandler' driver.
DEBUG - 2024-08-01 07:20:39 --> Attempting to track visit for URI: /bpodtproject/dashboard
DEBUG - 2024-08-01 07:20:39 --> Visit not counted - admin page detected for URI: /bpodtproject/dashboard
INFO - 2024-08-01 07:20:41 --> Session: Class initialized using 'CodeIgniter\Session\Handlers\FileHandler' driver.
DEBUG - 2024-08-01 07:20:41 --> Attempting to track visit for URI: /bpodtproject/
DEBUG - 2024-08-01 07:20:41 --> Visit not counted - admin page detected for URI: /bpodtproject/
INFO - 2024-08-01 07:20:42 --> Session: Class initialized using 'CodeIgniter\Session\Handlers\FileHandler' driver.
DEBUG - 2024-08-01 07:20:42 --> Attempting to track visit for URI: /bpodtproject/dashboard
DEBUG - 2024-08-01 07:20:42 --> Visit not counted - admin page detected for URI: /bpodtproject/dashboard
INFO - 2024-08-01 07:23:13 --> Session: Class initialized using 'CodeIgniter\Session\Handlers\FileHandler' driver.
DEBUG - 2024-08-01 07:23:13 --> Attempting to track visit for URI: /bpodtproject/dashboard
DEBUG - 2024-08-01 07:23:13 --> Visit not counted - admin page detected for URI: /bpodtproject/dashboard
INFO - 2024-08-01 07:23:13 --> Session: Class initialized using 'CodeIgniter\Session\Handlers\FileHandler' driver.
DEBUG - 2024-08-01 07:23:13 --> Attempting to track visit for URI: /bpodtproject/logout
DEBUG - 2024-08-01 07:23:13 --> Visit not counted - admin page detected for URI: /bpodtproject/logout
INFO - 2024-08-01 07:23:14 --> Session: Class initialized using 'CodeIgniter\Session\Handlers\FileHandler' driver.
DEBUG - 2024-08-01 07:23:14 --> Attempting to track visit for URI: /bpodtproject/
DEBUG - 2024-08-01 07:23:14 --> Visit not counted - admin page detected for URI: /bpodtproject/
INFO - 2024-08-01 07:23:15 --> Session: Class initialized using 'CodeIgniter\Session\Handlers\FileHandler' driver.
DEBUG - 2024-08-01 07:23:15 --> Attempting to track visit for URI: /bpodtproject/login
DEBUG - 2024-08-01 07:23:15 --> Visit not counted - admin page detected for URI: /bpodtproject/login
INFO - 2024-08-01 07:23:16 --> Session: Class initialized using 'CodeIgniter\Session\Handlers\FileHandler' driver.
DEBUG - 2024-08-01 07:23:16 --> Attempting to track visit for URI: /bpodtproject/validate_login
DEBUG - 2024-08-01 07:23:16 --> Visit count incremented for URI: /bpodtproject/validate_login
INFO - 2024-08-01 07:23:17 --> Session: Class initialized using 'CodeIgniter\Session\Handlers\FileHandler' driver.
DEBUG - 2024-08-01 07:23:17 --> Attempting to track visit for URI: /bpodtproject/dashboard
DEBUG - 2024-08-01 07:23:17 --> Visit not counted - admin page detected for URI: /bpodtproject/dashboard
INFO - 2024-08-01 07:23:20 --> Session: Class initialized using 'CodeIgniter\Session\Handlers\FileHandler' driver.
DEBUG - 2024-08-01 07:23:20 --> Attempting to track visit for URI: /bpodtproject/
DEBUG - 2024-08-01 07:23:20 --> Visit not counted - admin page detected for URI: /bpodtproject/
INFO - 2024-08-01 07:23:20 --> Session: Class initialized using 'CodeIgniter\Session\Handlers\FileHandler' driver.
DEBUG - 2024-08-01 07:23:20 --> Attempting to track visit for URI: /bpodtproject/dashboard
DEBUG - 2024-08-01 07:23:20 --> Visit not counted - admin page detected for URI: /bpodtproject/dashboard
INFO - 2024-08-01 07:23:23 --> Session: Class initialized using 'CodeIgniter\Session\Handlers\FileHandler' driver.
DEBUG - 2024-08-01 07:23:23 --> Attempting to track visit for URI: /bpodtproject/
DEBUG - 2024-08-01 07:23:23 --> Visit not counted - admin page detected for URI: /bpodtproject/
INFO - 2024-08-01 07:23:24 --> Session: Class initialized using 'CodeIgniter\Session\Handlers\FileHandler' driver.
DEBUG - 2024-08-01 07:23:24 --> Attempting to track visit for URI: /bpodtproject/dashboard
DEBUG - 2024-08-01 07:23:24 --> Visit not counted - admin page detected for URI: /bpodtproject/dashboard
CRITICAL - 2024-08-01 07:24:10 --> Error: Call to undefined method App\Controllers\Home::trackVisit()
[Method: GET, Route: /]
in APPPATH\Controllers\BaseController.php on line 57.
 1 SYSTEMPATH\CodeIgniter.php(904): App\Controllers\BaseController->initController(Object(CodeIgniter\HTTP\IncomingRequest), Object(CodeIgniter\HTTP\Response), Object(CodeIgniter\Log\Logger))
 2 SYSTEMPATH\CodeIgniter.php(500): CodeIgniter\CodeIgniter->createController()
 3 SYSTEMPATH\CodeIgniter.php(355): CodeIgniter\CodeIgniter->handleRequest(null, Object(Config\Cache), false)
 4 SYSTEMPATH\Boot.php(325): CodeIgniter\CodeIgniter->run()
 5 SYSTEMPATH\Boot.php(67): CodeIgniter\Boot::runCodeIgniter(Object(CodeIgniter\CodeIgniter))
 6 FCPATH\index.php(56): CodeIgniter\Boot::bootWeb(Object(Config\Paths))
INFO - 2024-08-01 07:28:22 --> Session: Class initialized using 'CodeIgniter\Session\Handlers\FileHandler' driver.
DEBUG - 2024-08-01 07:28:22 --> Attempting to track visit for URI: /bpodtproject/dashboard
DEBUG - 2024-08-01 07:28:22 --> Visit not counted - admin page detected for URI: /bpodtproject/dashboard
INFO - 2024-08-01 07:28:24 --> Session: Class initialized using 'CodeIgniter\Session\Handlers\FileHandler' driver.
DEBUG - 2024-08-01 07:28:24 --> Attempting to track visit for URI: /bpodtproject/
DEBUG - 2024-08-01 07:28:24 --> Visit not counted - admin page detected for URI: /bpodtproject/
INFO - 2024-08-01 07:28:27 --> Session: Class initialized using 'CodeIgniter\Session\Handlers\FileHandler' driver.
DEBUG - 2024-08-01 07:28:27 --> Attempting to track visit for URI: /bpodtproject/dashboard
DEBUG - 2024-08-01 07:28:27 --> Visit not counted - admin page detected for URI: /bpodtproject/dashboard
DEBUG - 2024-08-01 07:33:41 --> Attempting to track visit for URI: /bpodtproject/ from IP: ::1
DEBUG - 2024-08-01 07:33:41 --> Visit not counted - admin page detected for URI: /bpodtproject/
CRITICAL - 2024-08-01 07:33:41 --> ArgumentCountError: Too few arguments to function App\Models\VisitorModel::incrementDailyVisits(), 0 passed in C:\xampp\htdocs\bpodtproject\app\Controllers\Home.php on line 14 and exactly 1 expected
[Method: GET, Route: /]
in APPPATH\Models\VisitorModel.php on line 13.
 1 APPPATH\Controllers\Home.php(14): App\Models\VisitorModel->incrementDailyVisits()
 2 SYSTEMPATH\CodeIgniter.php(933): App\Controllers\Home->index()
 3 SYSTEMPATH\CodeIgniter.php(509): CodeIgniter\CodeIgniter->runController(Object(App\Controllers\Home))
 4 SYSTEMPATH\CodeIgniter.php(355): CodeIgniter\CodeIgniter->handleRequest(null, Object(Config\Cache), false)
 5 SYSTEMPATH\Boot.php(325): CodeIgniter\CodeIgniter->run()
 6 SYSTEMPATH\Boot.php(67): CodeIgniter\Boot::runCodeIgniter(Object(CodeIgniter\CodeIgniter))
 7 FCPATH\index.php(56): CodeIgniter\Boot::bootWeb(Object(Config\Paths))
DEBUG - 2024-08-01 07:38:26 --> Attempting to track visit for URI: /bpodtproject/ from IP: ::1
DEBUG - 2024-08-01 07:38:26 --> Visit not counted - admin page detected for URI: /bpodtproject/
DEBUG - 2024-08-01 07:38:41 --> Attempting to track visit for URI: /bpodtproject/ from IP: ::1
DEBUG - 2024-08-01 07:38:41 --> Visit not counted - admin page detected for URI: /bpodtproject/
DEBUG - 2024-08-01 07:38:55 --> Attempting to track visit for URI: /bpodtproject/dashboard from IP: ::1
DEBUG - 2024-08-01 07:38:55 --> Visit not counted - admin page detected for URI: /bpodtproject/dashboard
INFO - 2024-08-01 07:38:55 --> Session: Class initialized using 'CodeIgniter\Session\Handlers\FileHandler' driver.
DEBUG - 2024-08-01 07:38:58 --> Attempting to track visit for URI: /bpodtproject/ from IP: ::1
DEBUG - 2024-08-01 07:38:58 --> Visit not counted - admin page detected for URI: /bpodtproject/
DEBUG - 2024-08-01 07:38:59 --> Attempting to track visit for URI: /bpodtproject/dashboard from IP: ::1
DEBUG - 2024-08-01 07:38:59 --> Visit not counted - admin page detected for URI: /bpodtproject/dashboard
INFO - 2024-08-01 07:38:59 --> Session: Class initialized using 'CodeIgniter\Session\Handlers\FileHandler' driver.
DEBUG - 2024-08-01 07:39:03 --> Attempting to track visit for URI: /bpodtproject/ from IP: ::1
DEBUG - 2024-08-01 07:39:03 --> Visit not counted - admin page detected for URI: /bpodtproject/
DEBUG - 2024-08-01 07:39:04 --> Attempting to track visit for URI: /bpodtproject/dashboard from IP: ::1
DEBUG - 2024-08-01 07:39:04 --> Visit not counted - admin page detected for URI: /bpodtproject/dashboard
INFO - 2024-08-01 07:39:04 --> Session: Class initialized using 'CodeIgniter\Session\Handlers\FileHandler' driver.
DEBUG - 2024-08-01 07:39:13 --> Attempting to track visit for URI: /bpodtproject/tampil_data from IP: ::1
DEBUG - 2024-08-01 07:39:13 --> Visit not counted - admin page detected for URI: /bpodtproject/tampil_data
INFO - 2024-08-01 07:39:13 --> Session: Class initialized using 'CodeIgniter\Session\Handlers\FileHandler' driver.
DEBUG - 2024-08-01 07:39:14 --> Attempting to track visit for URI: /bpodtproject/dashboard from IP: ::1
DEBUG - 2024-08-01 07:39:14 --> Visit not counted - admin page detected for URI: /bpodtproject/dashboard
INFO - 2024-08-01 07:39:14 --> Session: Class initialized using 'CodeIgniter\Session\Handlers\FileHandler' driver.
DEBUG - 2024-08-01 07:39:57 --> Attempting to track visit for URI: /bpodtproject/dashboard from IP: ::1
DEBUG - 2024-08-01 07:39:57 --> Visit not counted - admin page detected for URI: /bpodtproject/dashboard
INFO - 2024-08-01 07:39:57 --> Session: Class initialized using 'CodeIgniter\Session\Handlers\FileHandler' driver.
DEBUG - 2024-08-01 07:54:46 --> Attempting to track visit for URI: /bpodtproject/detail/Paintball from IP: ::1
DEBUG - 2024-08-01 07:54:46 --> Visit not counted - admin page detected for URI: /bpodtproject/detail/Paintball
DEBUG - 2024-08-01 07:54:58 --> Attempting to track visit for URI: /bpodtproject/dashboard from IP: ::1
DEBUG - 2024-08-01 07:54:58 --> Visit not counted - admin page detected for URI: /bpodtproject/dashboard
INFO - 2024-08-01 07:54:58 --> Session: Class initialized using 'CodeIgniter\Session\Handlers\FileHandler' driver.
DEBUG - 2024-08-01 08:08:33 --> Attempting to track visit for URI: /bpodtproject/ from IP: ::1
DEBUG - 2024-08-01 08:08:33 --> Visit not counted - admin page detected for URI: /bpodtproject/
DEBUG - 2024-08-01 08:08:35 --> Attempting to track visit for URI: /bpodtproject/dashboard from IP: ::1
DEBUG - 2024-08-01 08:08:35 --> Visit not counted - admin page detected for URI: /bpodtproject/dashboard
INFO - 2024-08-01 08:08:35 --> Session: Class initialized using 'CodeIgniter\Session\Handlers\FileHandler' driver.
DEBUG - 2024-08-01 08:08:39 --> Attempting to track visit for URI: /bpodtproject/detail/Paintball from IP: ::1
DEBUG - 2024-08-01 08:08:39 --> Visit not counted - admin page detected for URI: /bpodtproject/detail/Paintball
DEBUG - 2024-08-01 08:08:40 --> Attempting to track visit for URI: /bpodtproject/dashboard from IP: ::1
DEBUG - 2024-08-01 08:08:40 --> Visit not counted - admin page detected for URI: /bpodtproject/dashboard
INFO - 2024-08-01 08:08:40 --> Session: Class initialized using 'CodeIgniter\Session\Handlers\FileHandler' driver.
DEBUG - 2024-08-01 08:08:43 --> Attempting to track visit for URI: /bpodtproject/detail/Paintball from IP: ::1
DEBUG - 2024-08-01 08:08:43 --> Visit not counted - admin page detected for URI: /bpodtproject/detail/Paintball
DEBUG - 2024-08-01 08:08:44 --> Attempting to track visit for URI: /bpodtproject/dashboard from IP: ::1
DEBUG - 2024-08-01 08:08:44 --> Visit not counted - admin page detected for URI: /bpodtproject/dashboard
INFO - 2024-08-01 08:08:44 --> Session: Class initialized using 'CodeIgniter\Session\Handlers\FileHandler' driver.
DEBUG - 2024-08-01 08:08:45 --> Attempting to track visit for URI: /bpodtproject/dashboard from IP: ::1
DEBUG - 2024-08-01 08:08:45 --> Visit not counted - admin page detected for URI: /bpodtproject/dashboard
INFO - 2024-08-01 08:08:45 --> Session: Class initialized using 'CodeIgniter\Session\Handlers\FileHandler' driver.
DEBUG - 2024-08-01 08:08:48 --> Attempting to track visit for URI: /bpodtproject/ from IP: ::1
DEBUG - 2024-08-01 08:08:48 --> Visit not counted - admin page detected for URI: /bpodtproject/
DEBUG - 2024-08-01 08:08:50 --> Attempting to track visit for URI: /bpodtproject/detail/Paintball from IP: ::1
DEBUG - 2024-08-01 08:08:50 --> Visit not counted - admin page detected for URI: /bpodtproject/detail/Paintball
DEBUG - 2024-08-01 08:08:51 --> Attempting to track visit for URI: /bpodtproject/dashboard from IP: ::1
DEBUG - 2024-08-01 08:08:51 --> Visit not counted - admin page detected for URI: /bpodtproject/dashboard
INFO - 2024-08-01 08:08:51 --> Session: Class initialized using 'CodeIgniter\Session\Handlers\FileHandler' driver.
DEBUG - 2024-08-01 08:16:55 --> Attempting to track visit for URI: /bpodtproject/dashboard from IP: ::1
DEBUG - 2024-08-01 08:16:55 --> Visit not counted - admin page detected for URI: /bpodtproject/dashboard
INFO - 2024-08-01 08:16:55 --> Session: Class initialized using 'CodeIgniter\Session\Handlers\FileHandler' driver.
DEBUG - 2024-08-01 08:16:55 --> Attempting to track visit for URI: /bpodtproject/form_data from IP: ::1
DEBUG - 2024-08-01 08:16:55 --> Visit not counted - admin page detected for URI: /bpodtproject/form_data
INFO - 2024-08-01 08:16:55 --> Session: Class initialized using 'CodeIgniter\Session\Handlers\FileHandler' driver.
DEBUG - 2024-08-01 08:16:56 --> Attempting to track visit for URI: /bpodtproject/tampil_data from IP: ::1
DEBUG - 2024-08-01 08:16:56 --> Visit not counted - admin page detected for URI: /bpodtproject/tampil_data
INFO - 2024-08-01 08:16:56 --> Session: Class initialized using 'CodeIgniter\Session\Handlers\FileHandler' driver.
DEBUG - 2024-08-01 08:16:56 --> Attempting to track visit for URI: /bpodtproject/dashboard from IP: ::1
DEBUG - 2024-08-01 08:16:56 --> Visit not counted - admin page detected for URI: /bpodtproject/dashboard
INFO - 2024-08-01 08:16:56 --> Session: Class initialized using 'CodeIgniter\Session\Handlers\FileHandler' driver.
DEBUG - 2024-08-01 08:16:57 --> Attempting to track visit for URI: /bpodtproject/dashboard from IP: ::1
DEBUG - 2024-08-01 08:16:57 --> Visit not counted - admin page detected for URI: /bpodtproject/dashboard
INFO - 2024-08-01 08:16:57 --> Session: Class initialized using 'CodeIgniter\Session\Handlers\FileHandler' driver.
DEBUG - 2024-08-01 08:16:59 --> Attempting to track visit for URI: /bpodtproject/detail/Paintball from IP: ::1
DEBUG - 2024-08-01 08:16:59 --> Visit not counted - admin page detected for URI: /bpodtproject/detail/Paintball
DEBUG - 2024-08-01 08:17:00 --> Attempting to track visit for URI: /bpodtproject/dashboard from IP: ::1
DEBUG - 2024-08-01 08:17:00 --> Visit not counted - admin page detected for URI: /bpodtproject/dashboard
INFO - 2024-08-01 08:17:00 --> Session: Class initialized using 'CodeIgniter\Session\Handlers\FileHandler' driver.
DEBUG - 2024-08-01 08:17:02 --> Attempting to track visit for URI: /bpodtproject/ from IP: ::1
DEBUG - 2024-08-01 08:17:02 --> Visit not counted - admin page detected for URI: /bpodtproject/
DEBUG - 2024-08-01 08:17:04 --> Attempting to track visit for URI: /bpodtproject/dashboard from IP: ::1
DEBUG - 2024-08-01 08:17:04 --> Visit not counted - admin page detected for URI: /bpodtproject/dashboard
INFO - 2024-08-01 08:17:04 --> Session: Class initialized using 'CodeIgniter\Session\Handlers\FileHandler' driver.
DEBUG - 2024-08-01 08:17:08 --> Attempting to track visit for URI: /bpodtproject/login from IP: ::1
DEBUG - 2024-08-01 08:17:08 --> Visit not counted - admin page detected for URI: /bpodtproject/login
INFO - 2024-08-01 08:17:08 --> Session: Class initialized using 'CodeIgniter\Session\Handlers\FileHandler' driver.
DEBUG - 2024-08-01 08:17:12 --> Attempting to track visit for URI: /bpodtproject/validate_login from IP: ::1
DEBUG - 2024-08-01 08:17:12 --> Visit processed for URI: /bpodtproject/validate_login from IP: ::1
INFO - 2024-08-01 08:17:12 --> Session: Class initialized using 'CodeIgniter\Session\Handlers\FileHandler' driver.
DEBUG - 2024-08-01 08:17:12 --> Attempting to track visit for URI: /bpodtproject/dashboard from IP: ::1
DEBUG - 2024-08-01 08:17:12 --> Visit not counted - admin page detected for URI: /bpodtproject/dashboard
INFO - 2024-08-01 08:17:12 --> Session: Class initialized using 'CodeIgniter\Session\Handlers\FileHandler' driver.
DEBUG - 2024-08-01 08:17:14 --> Attempting to track visit for URI: /bpodtproject/dashboard from IP: ::1
DEBUG - 2024-08-01 08:17:14 --> Visit not counted - admin page detected for URI: /bpodtproject/dashboard
INFO - 2024-08-01 08:17:14 --> Session: Class initialized using 'CodeIgniter\Session\Handlers\FileHandler' driver.
DEBUG - 2024-08-01 08:17:16 --> Attempting to track visit for URI: /bpodtproject/logout from IP: ::1
DEBUG - 2024-08-01 08:17:16 --> Visit not counted - admin page detected for URI: /bpodtproject/logout
INFO - 2024-08-01 08:17:16 --> Session: Class initialized using 'CodeIgniter\Session\Handlers\FileHandler' driver.
DEBUG - 2024-08-01 08:17:16 --> Attempting to track visit for URI: /bpodtproject/ from IP: ::1
DEBUG - 2024-08-01 08:17:16 --> Visit not counted - admin page detected for URI: /bpodtproject/
DEBUG - 2024-08-01 08:17:17 --> Attempting to track visit for URI: /bpodtproject/dashboard from IP: ::1
DEBUG - 2024-08-01 08:17:17 --> Visit not counted - admin page detected for URI: /bpodtproject/dashboard
INFO - 2024-08-01 08:17:17 --> Session: Class initialized using 'CodeIgniter\Session\Handlers\FileHandler' driver.
DEBUG - 2024-08-01 08:30:34 --> Attempting to track visit for URI: /bpodtproject/form_data from IP: ::1
DEBUG - 2024-08-01 08:30:34 --> Visit not counted - admin page detected for URI: /bpodtproject/form_data
INFO - 2024-08-01 08:30:34 --> Session: Class initialized using 'CodeIgniter\Session\Handlers\FileHandler' driver.
DEBUG - 2024-08-01 08:51:55 --> Attempting to track visit for URI: /bpodtproject/tampil_data from IP: ::1
DEBUG - 2024-08-01 08:51:55 --> Visit not counted - admin page detected for URI: /bpodtproject/tampil_data
INFO - 2024-08-01 08:51:55 --> Session: Class initialized using 'CodeIgniter\Session\Handlers\FileHandler' driver.
DEBUG - 2024-08-01 08:51:56 --> Attempting to track visit for URI: /bpodtproject/form_data from IP: ::1
DEBUG - 2024-08-01 08:51:56 --> Visit not counted - admin page detected for URI: /bpodtproject/form_data
INFO - 2024-08-01 08:51:56 --> Session: Class initialized using 'CodeIgniter\Session\Handlers\FileHandler' driver.
DEBUG - 2024-08-01 08:51:56 --> Attempting to track visit for URI: /bpodtproject/dashboard from IP: ::1
DEBUG - 2024-08-01 08:51:56 --> Visit not counted - admin page detected for URI: /bpodtproject/dashboard
INFO - 2024-08-01 08:51:56 --> Session: Class initialized using 'CodeIgniter\Session\Handlers\FileHandler' driver.
DEBUG - 2024-08-01 08:51:57 --> Attempting to track visit for URI: /bpodtproject/logout from IP: ::1
DEBUG - 2024-08-01 08:51:57 --> Visit not counted - admin page detected for URI: /bpodtproject/logout
INFO - 2024-08-01 08:51:57 --> Session: Class initialized using 'CodeIgniter\Session\Handlers\FileHandler' driver.
DEBUG - 2024-08-01 08:51:57 --> Attempting to track visit for URI: /bpodtproject/ from IP: ::1
DEBUG - 2024-08-01 08:51:57 --> Visit not counted - admin page detected for URI: /bpodtproject/
