CRITICAL - 2024-07-23 01:26:47 --> CodeIgniter\View\Exceptions\ViewException: Invalid file: "wisata_edit.php"
[Method: GET, Route: wisata/edit/2]
in SYSTEMPATH\Exceptions\FrameworkException.php on line 41.
 1 SYSTEMPATH\View\View.php(222): CodeIgniter\Exceptions\FrameworkException::forInvalidFile('wisata_edit.php')
 2 SYSTEMPATH\Common.php(1171): CodeIgniter\View\View->render('wisata_edit', [], true)
 3 APPPATH\Controllers\WisataController.php(71): view('wisata_edit', [...])
 4 SYSTEMPATH\CodeIgniter.php(933): App\Controllers\WisataController->edit('2')
 5 SYSTEMPATH\CodeIgniter.php(509): CodeIgniter\CodeIgniter->runController(Object(App\Controllers\WisataController))
 6 SYSTEMPATH\CodeIgniter.php(355): CodeIgniter\CodeIgniter->handleRequest(null, Object(Config\Cache), false)
 7 SYSTEMPATH\Boot.php(325): CodeIgniter\CodeIgniter->run()
 8 SYSTEMPATH\Boot.php(67): CodeIgniter\Boot::runCodeIgniter(Object(CodeIgniter\CodeIgniter))
 9 FCPATH\index.php(56): CodeIgniter\Boot::bootWeb(Object(Config\Paths))
CRITICAL - 2024-07-23 01:36:49 --> CodeIgniter\View\Exceptions\ViewException: Invalid file: "wisata_edit.php"
[Method: GET, Route: wisata/edit/1]
in SYSTEMPATH\Exceptions\FrameworkException.php on line 41.
 1 SYSTEMPATH\View\View.php(222): CodeIgniter\Exceptions\FrameworkException::forInvalidFile('wisata_edit.php')
 2 SYSTEMPATH\Common.php(1171): CodeIgniter\View\View->render('wisata_edit', [], true)
 3 APPPATH\Controllers\WisataController.php(71): view('wisata_edit', [...])
 4 SYSTEMPATH\CodeIgniter.php(933): App\Controllers\WisataController->edit('1')
 5 SYSTEMPATH\CodeIgniter.php(509): CodeIgniter\CodeIgniter->runController(Object(App\Controllers\WisataController))
 6 SYSTEMPATH\CodeIgniter.php(355): CodeIgniter\CodeIgniter->handleRequest(null, Object(Config\Cache), false)
 7 SYSTEMPATH\Boot.php(325): CodeIgniter\CodeIgniter->run()
 8 SYSTEMPATH\Boot.php(67): CodeIgniter\Boot::runCodeIgniter(Object(CodeIgniter\CodeIgniter))
 9 FCPATH\index.php(56): CodeIgniter\Boot::bootWeb(Object(Config\Paths))
